app/build/outputs/logs/manifest-merger-debug-report.txt
-- Merging decision tree log ---
manifest
ADDED from src\main\AndroidManifest.xml:3:1-167:12
	package
		ADDED from src\main\AndroidManifest.xml:4:5-37
		INJECTED from src\main\AndroidManifest.xml
		INJECTED from src\main\AndroidManifest.xml
	android:versionName
		ADDED from src\main\AndroidManifest.xml:6:5-31
		INJECTED from src\main\AndroidManifest.xml
		INJECTED from src\main\AndroidManifest.xml
	android:versionCode
		ADDED from src\main\AndroidManifest.xml:5:5-32
		INJECTED from src\main\AndroidManifest.xml
		INJECTED from src\main\AndroidManifest.xml
	xmlns:android
		ADDED from src\main\AndroidManifest.xml:3:11-69
uses-sdk
ADDED from src\main\AndroidManifest.xml:8:5-17
	android:targetSdkVersion
		INJECTED from src\main\AndroidManifest.xml
		INJECTED from src\main\AndroidManifest.xml
	android:minSdkVersion
		INJECTED from src\main\AndroidManifest.xml
		INJECTED from src\main\AndroidManifest.xml
uses-permission#android.permission.VIBRATE
ADDED from src\main\AndroidManifest.xml:10:5-66
	android:name
		ADDED from src\main\AndroidManifest.xml:10:22-63
application
ADDED from src\main\AndroidManifest.xml:12:5-165:19
	android:backupAgent
		ADDED from src\main\AndroidManifest.xml:15:9-54
	android:label
		ADDED from src\main\AndroidManifest.xml:17:9-52
	android:allowBackup
		ADDED from src\main\AndroidManifest.xml:14:9-35
	android:icon
		ADDED from src\main\AndroidManifest.xml:16:9-42
	android:name
		ADDED from src\main\AndroidManifest.xml:13:9-35
meta-data#com.google.android.backup.api_key
ADDED from src\main\AndroidManifest.xml:18:9-20:82
	android:value
		ADDED from src\main\AndroidManifest.xml:20:13-79
	android:name
		ADDED from src\main\AndroidManifest.xml:19:13-61
activity#com.zapta.apps.maniana.main.MainActivity
ADDED from src\main\AndroidManifest.xml:26:9-49:20
	android:label
		ADDED from src\main\AndroidManifest.xml:29:13-56
	android:launchMode
		ADDED from src\main\AndroidManifest.xml:30:13-44
	android:windowSoftInputMode
		ADDED from src\main\AndroidManifest.xml:31:13-52
	android:configChanges
		ADDED from src\main\AndroidManifest.xml:28:13-72
	android:name
		ADDED from src\main\AndroidManifest.xml:27:13-46
intent-filter#android.intent.action.MAIN+android.intent.category.LAUNCHER
ADDED from src\main\AndroidManifest.xml:32:13-36:29
action#android.intent.action.MAIN
ADDED from src\main\AndroidManifest.xml:33:17-69
	android:name
		ADDED from src\main\AndroidManifest.xml:33:25-66
category#android.intent.category.LAUNCHER
ADDED from src\main\AndroidManifest.xml:35:17-77
	android:name
		ADDED from src\main\AndroidManifest.xml:35:27-74
intent-filter#android.intent.action.VIEW+android.intent.category.BROWSABLE+android.intent.category.DEFAULT
ADDED from src\main\AndroidManifest.xml:37:13-48:29
action#android.intent.action.VIEW
ADDED from src\main\AndroidManifest.xml:38:17-69
	android:name
		ADDED from src\main\AndroidManifest.xml:38:25-66
category#android.intent.category.DEFAULT
ADDED from src\main\AndroidManifest.xml:40:17-76
	android:name
		ADDED from src\main\AndroidManifest.xml:40:27-73
category#android.intent.category.BROWSABLE
ADDED from src\main\AndroidManifest.xml:41:17-78
	android:name
		ADDED from src\main\AndroidManifest.xml:41:27-75
data
ADDED from src\main\AndroidManifest.xml:43:17-47:45
	android:host
		ADDED from src\main\AndroidManifest.xml:44:21-37
	android:scheme
		ADDED from src\main\AndroidManifest.xml:47:21-42
	android:pathPattern
		ADDED from src\main\AndroidManifest.xml:46:21-45
	android:mimeType
		ADDED from src\main\AndroidManifest.xml:45:21-56
activity#com.zapta.apps.maniana.help.PopupMessageActivity
ADDED from src\main\AndroidManifest.xml:50:9-55:20
	android:label
		ADDED from src\main\AndroidManifest.xml:53:13-56
	android:configChanges
		ADDED from src\main\AndroidManifest.xml:52:13-48
	android:theme
		ADDED from src\main\AndroidManifest.xml:54:13-61
	android:name
		ADDED from src\main\AndroidManifest.xml:51:13-54
activity#com.zapta.apps.maniana.settings.SettingsActivity
ADDED from src\main\AndroidManifest.xml:56:9-59:20
	android:label
		ADDED from src\main\AndroidManifest.xml:58:13-61
	android:name
		ADDED from src\main\AndroidManifest.xml:57:13-54
activity#com.zapta.apps.maniana.editors.VoiceRecognition
ADDED from src\main\AndroidManifest.xml:61:9-64:20
	android:label
		ADDED from src\main\AndroidManifest.xml:63:13-46
	android:name
		ADDED from src\main\AndroidManifest.xml:62:13-53
receiver#com.zapta.apps.maniana.widget.ListWidgetProvider1
ADDED from src\main\AndroidManifest.xml:66:9-76:20
	android:label
		ADDED from src\main\AndroidManifest.xml:68:13-57
	android:name
		ADDED from src\main\AndroidManifest.xml:67:13-55
intent-filter#android.appwidget.action.APPWIDGET_UPDATE
ADDED from src\main\AndroidManifest.xml:69:13-71:29
action#android.appwidget.action.APPWIDGET_UPDATE
ADDED from src\main\AndroidManifest.xml:70:17-84
	android:name
		ADDED from src\main\AndroidManifest.xml:70:25-81
meta-data#android.appwidget.provider
ADDED from src\main\AndroidManifest.xml:73:13-75:67
	android:resource
		ADDED from src\main\AndroidManifest.xml:75:17-64
	android:name
		ADDED from src\main\AndroidManifest.xml:74:17-58
receiver#com.zapta.apps.maniana.widget.ListWidgetProvider2
ADDED from src\main\AndroidManifest.xml:77:9-87:20
	android:label
		ADDED from src\main\AndroidManifest.xml:79:13-57
	android:name
		ADDED from src\main\AndroidManifest.xml:78:13-55
receiver#com.zapta.apps.maniana.widget.ListWidgetProvider3
ADDED from src\main\AndroidManifest.xml:88:9-98:20
	android:label
		ADDED from src\main\AndroidManifest.xml:90:13-57
	android:name
		ADDED from src\main\AndroidManifest.xml:89:13-55
receiver#com.zapta.apps.maniana.widget.ListWidgetProvider4
ADDED from src\main\AndroidManifest.xml:99:9-109:20
	android:label
		ADDED from src\main\AndroidManifest.xml:101:13-57
	android:name
		ADDED from src\main\AndroidManifest.xml:100:13-55
receiver#com.zapta.apps.maniana.widget.ListWidgetProvider5
ADDED from src\main\AndroidManifest.xml:110:9-120:20
	android:label
		ADDED from src\main\AndroidManifest.xml:112:13-57
	android:name
		ADDED from src\main\AndroidManifest.xml:111:13-55
receiver#com.zapta.apps.maniana.widget.ListWidgetProvider6
ADDED from src\main\AndroidManifest.xml:121:9-131:20
	android:label
		ADDED from src\main\AndroidManifest.xml:123:13-57
	android:name
		ADDED from src\main\AndroidManifest.xml:122:13-55
receiver#com.zapta.apps.maniana.widget.IconWidgetProvider
ADDED from src\main\AndroidManifest.xml:132:9-142:20
	android:label
		ADDED from src\main\AndroidManifest.xml:134:13-53
	android:name
		ADDED from src\main\AndroidManifest.xml:133:13-54
receiver#com.zapta.apps.maniana.services.MidnightTicker
ADDED from src\main\AndroidManifest.xml:143:9-149:20
	android:enabled
		ADDED from src\main\AndroidManifest.xml:145:13-35
	android:name
		ADDED from src\main\AndroidManifest.xml:144:13-52
intent-filter#com.zapta.apps.maniana.MIDNIGHT_TRIGGER_ACTION
ADDED from src\main\AndroidManifest.xml:146:13-148:29
action#com.zapta.apps.maniana.MIDNIGHT_TRIGGER_ACTION
ADDED from src\main\AndroidManifest.xml:147:17-89
	android:name
		ADDED from src\main\AndroidManifest.xml:147:25-86
receiver#com.zapta.apps.maniana.notifications.NotificationSimulator
ADDED from src\main\AndroidManifest.xml:150:9-157:20
	android:enabled
		ADDED from src\main\AndroidManifest.xml:152:13-35
	android:exported
		ADDED from src\main\AndroidManifest.xml:153:13-37
	android:name
		ADDED from src\main\AndroidManifest.xml:151:13-64
intent-filter#com.zapta.apps.maniana.notifications.SIMULATE
ADDED from src\main\AndroidManifest.xml:154:13-156:29
action#com.zapta.apps.maniana.notifications.SIMULATE
ADDED from src\main\AndroidManifest.xml:155:17-88
	android:name
		ADDED from src\main\AndroidManifest.xml:155:25-85
provider#com.zapta.apps.maniana.services.BackupFileProvider
ADDED from src\main\AndroidManifest.xml:159:9-164:20
	android:authorities
		ADDED from src\main\AndroidManifest.xml:163:13-78
	android:grantUriPermissions
		ADDED from src\main\AndroidManifest.xml:161:13-47
	android:exported
		ADDED from src\main\AndroidManifest.xml:162:13-36
	android:name
		ADDED from src\main\AndroidManifest.xml:160:13-56